<?xml version="1.0" encoding="UTF-8"?>
<coverage generated="1551032948624" clover="3.2.0">
  <project timestamp="1551032948624" name="All files">
    <metrics statements="19" coveredstatements="14" conditionals="2" coveredconditionals="1" methods="4" coveredmethods="4" elements="25" coveredelements="19" complexity="0" loc="19" ncloc="19" packages="2" files="4" classes="4">
      <package name="src">
        <metrics statements="7" coveredstatements="2" conditionals="0" coveredconditionals="0" methods="1" coveredmethods="1"/>
        <file name="Application.jsx" path="/Users/jprime/Desktop/repos/Github/JoshuaTPritchett.github.io/web/src/Application.jsx">
          <metrics statements="2" coveredstatements="2" conditionals="0" coveredconditionals="0" methods="1" coveredmethods="1"/>
          <line num="3" count="1" type="stmt"/>
          <line num="4" count="1" type="stmt"/>
        </file>
        <file name="index.jsx" path="/Users/jprime/Desktop/repos/Github/JoshuaTPritchett.github.io/web/src/index.jsx">
          <metrics statements="5" coveredstatements="0" conditionals="0" coveredconditionals="0" methods="0" coveredmethods="0"/>
          <line num="1" count="0" type="stmt"/>
          <line num="2" count="0" type="stmt"/>
          <line num="3" count="0" type="stmt"/>
          <line num="4" count="0" type="stmt"/>
          <line num="6" count="0" type="stmt"/>
        </file>
        <file name="spec_helper.jsx" path="/Users/jprime/Desktop/repos/Github/JoshuaTPritchett.github.io/web/src/spec_helper.jsx">
          <metrics statements="0" coveredstatements="0" conditionals="0" coveredconditionals="0" methods="0" coveredmethods="0"/>
        </file>
      </package>
      <package name="src.test_support">
        <metrics statements="12" coveredstatements="12" conditionals="2" coveredconditionals="1" methods="3" coveredmethods="3"/>
        <file name="enzyme.js" path="/Users/jprime/Desktop/repos/Github/JoshuaTPritchett.github.io/web/src/test_support/enzyme.js">
          <metrics statements="12" coveredstatements="12" conditionals="2" coveredconditionals="1" methods="3" coveredmethods="3"/>
          <line num="4" count="1" type="stmt"/>
          <line num="6" count="1" type="stmt"/>
          <line num="8" count="1" type="stmt"/>
          <line num="10" count="1" type="stmt"/>
          <line num="11" count="1" type="stmt"/>
          <line num="12" count="1" type="stmt"/>
          <line num="13" count="1" type="stmt"/>
          <line num="17" count="2" type="stmt"/>
          <line num="18" count="1" type="cond" truecount="1" falsecount="1"/>
          <line num="19" count="1" type="stmt"/>
          <line num="24" count="1" type="stmt"/>
          <line num="25" count="1" type="stmt"/>
        </file>
      </package>
    </metrics>
  </project>
</coverage>
