TN:
SF:/Users/jprime/Desktop/repos/Github/JoshuaTPritchett.github.io/web/src/Application.jsx
FN:3,(anonymous_0)
FNF:1
FNH:1
FNDA:1,(anonymous_0)
DA:3,1
DA:4,1
LF:2
LH:2
BRF:0
BRH:0
end_of_record
TN:
SF:/Users/jprime/Desktop/repos/Github/JoshuaTPritchett.github.io/web/src/index.jsx
FNF:0
FNH:0
DA:1,0
DA:2,0
DA:3,0
DA:4,0
DA:6,0
LF:5
LH:0
BRF:0
BRH:0
end_of_record
TN:
SF:/Users/jprime/Desktop/repos/Github/JoshuaTPritchett.github.io/web/src/spec_helper.jsx
FNF:0
FNH:0
LF:0
LH:0
BRF:0
BRH:0
end_of_record
TN:
SF:/Users/jprime/Desktop/repos/Github/JoshuaTPritchett.github.io/web/src/test_support/enzyme.js
FN:10,(anonymous_0)
FN:16,clearEnzymeMounted
FN:17,(anonymous_2)
FNF:3
FNH:3
FNDA:1,(anonymous_0)
FNDA:2,clearEnzymeMounted
FNDA:1,(anonymous_2)
DA:4,1
DA:6,1
DA:8,1
DA:10,1
DA:11,1
DA:12,1
DA:13,1
DA:17,2
DA:18,1
DA:19,1
DA:24,1
DA:25,1
LF:12
LH:12
BRDA:18,0,0,1
BRDA:18,0,1,0
BRF:2
BRH:1
end_of_record
